0 info it worked if it ends with ok
1 verbose cli [ 'D:\\node\\node.exe',
1 verbose cli   'D:\\node\\node_modules\\npm\\bin\\npm-cli.js',
1 verbose cli   'install',
1 verbose cli   '../' ]
2 info using npm@2.15.9
3 info using node@v4.5.0
4 verbose install initial load of D:\workspace\node_web\myweb\package.json
5 verbose installManyTop reading scoped package data from D:\workspace\node_web\myweb\node_modules\body-parser\package.json
6 verbose installManyTop reading scoped package data from D:\workspace\node_web\myweb\node_modules\cookie-parser\package.json
7 verbose installManyTop reading scoped package data from D:\workspace\node_web\myweb\node_modules\debug\package.json
8 verbose installManyTop reading scoped package data from D:\workspace\node_web\myweb\node_modules\ejs\package.json
9 verbose installManyTop reading scoped package data from D:\workspace\node_web\myweb\node_modules\express\package.json
10 verbose installManyTop reading scoped package data from D:\workspace\node_web\myweb\node_modules\morgan\package.json
11 verbose installManyTop reading scoped package data from D:\workspace\node_web\myweb\node_modules\serve-favicon\package.json
12 verbose installManyTop reading scoped package data from D:\workspace\node_web\myweb\node_modules\ueditor\package.json
13 info package.json ueditor@1.2.0 No description
14 info package.json ueditor@1.2.0 No license field.
15 verbose readDependencies loading dependencies from D:\workspace\node_web\myweb\package.json
16 silly cache add args [ '../', null ]
17 verbose cache add spec ../
18 silly cache add parsed spec Result {
18 silly cache add   raw: '../',
18 silly cache add   scope: null,
18 silly cache add   name: null,
18 silly cache add   rawSpec: '../',
18 silly cache add   spec: 'D:\\workspace\\node_web',
18 silly cache add   type: 'local' }
19 error addLocal Could not install D:\workspace\node_web
20 verbose stack Error: EISDIR: illegal operation on a directory, read
20 verbose stack     at Error (native)
21 verbose cwd D:\workspace\node_web\myweb
22 error Windows_NT 10.0.10586
23 error argv "D:\\node\\node.exe" "D:\\node\\node_modules\\npm\\bin\\npm-cli.js" "install" "../"
24 error node v4.5.0
25 error npm  v2.15.9
26 error code EISDIR
27 error errno -4068
28 error syscall read
29 error eisdir EISDIR: illegal operation on a directory, read
29 error eisdir This is most likely not a problem with npm itself
29 error eisdir and is related to npm not being able to find a package.json in
29 error eisdir a package you are trying to install.
30 verbose exit [ -4068, true ]
